{"numFailedTestSuites":1,"numFailedTests":1,"numPassedTestSuites":2,"numPassedTests":17,"numPendingTestSuites":0,"numPendingTests":0,"numRuntimeErrorTestSuites":0,"numTodoTests":0,"numTotalTestSuites":3,"numTotalTests":18,"openHandles":[],"snapshot":{"added":0,"didUpdate":false,"failure":false,"filesAdded":0,"filesRemoved":0,"filesRemovedList":[],"filesUnmatched":0,"filesUpdated":0,"matched":0,"total":0,"unchecked":0,"uncheckedKeysByFile":[],"unmatched":0,"updated":0},"startTime":1774971781291,"success":false,"testResults":[{"assertionResults":[{"ancestorTitles":["SyncService Validation","validatePrimaryKeyData"],"duration":28,"failureDetails":[],"failureMessages":[],"fullName":"SyncService Validation validatePrimaryKeyData should throw 400 if duplicate values exist","invocations":1,"location":null,"numPassingAsserts":1,"retryReasons":[],"status":"passed","title":"should throw 400 if duplicate values exist"},{"ancestorTitles":["SyncService Validation","validatePrimaryKeyData"],"duration":2,"failureDetails":[],"failureMessages":[],"fullName":"SyncService Validation validatePrimaryKeyData should pass if no duplicates exist","invocations":1,"location":null,"numPassingAsserts":1,"retryReasons":[],"status":"passed","title":"should pass if no duplicates exist"},{"ancestorTitles":["SyncService Validation","validateForeignKeyTarget"],"duration":1,"failureDetails":[],"failureMessages":[],"fullName":"SyncService Validation validateForeignKeyTarget should throw if target field is not a PK","invocations":1,"location":null,"numPassingAsserts":1,"retryReasons":[],"status":"passed","title":"should throw if target field is not a PK"},{"ancestorTitles":["SyncService Validation","validateForeignKeyTarget"],"duration":1,"failureDetails":[],"failureMessages":[],"fullName":"SyncService Validation validateForeignKeyTarget should pass if target field is a PK","invocations":1,"location":null,"numPassingAsserts":1,"retryReasons":[],"status":"passed","title":"should pass if target field is a PK"},{"ancestorTitles":["SyncService Validation","validateForeignKeyIntegrity"],"duration":2,"failureDetails":[],"failureMessages":[],"fullName":"SyncService Validation validateForeignKeyIntegrity should throw if orphaned values exist","invocations":1,"location":null,"numPassingAsserts":1,"retryReasons":[],"status":"passed","title":"should throw if orphaned values exist"},{"ancestorTitles":["SyncService Validation","validateForeignKeyIntegrity"],"duration":1,"failureDetails":[],"failureMessages":[],"fullName":"SyncService Validation validateForeignKeyIntegrity should pass if all values exist in target","invocations":1,"location":null,"numPassingAsserts":1,"retryReasons":[],"status":"passed","title":"should pass if all values exist in target"}],"endTime":1774971785794,"message":"","name":"C:\\Users\\grees\\OneDrive\\Desktop\\AI-Data-Layer-Darwinbox\\apps\\api\\tests\\sync.service.validation.test.ts","startTime":1774971782271,"status":"passed","summary":""},{"assertionResults":[{"ancestorTitles":["PermissionService Resolution Core"],"duration":11,"failureDetails":[],"failureMessages":[],"fullName":"PermissionService Resolution Core Case 1: Platform Admin completely bypasses checks unconditionally","invocations":1,"location":null,"numPassingAsserts":3,"retryReasons":[],"status":"passed","title":"Case 1: Platform Admin completely bypasses checks unconditionally"},{"ancestorTitles":["PermissionService Resolution Core"],"duration":15,"failureDetails":[],"failureMessages":[],"fullName":"PermissionService Resolution Core Case 2: Throws 403 COLLECTION_ACCESS_DENIED if no groups allow reading","invocations":1,"location":null,"numPassingAsserts":1,"retryReasons":[],"status":"passed","title":"Case 2: Throws 403 COLLECTION_ACCESS_DENIED if no groups allow reading"},{"ancestorTitles":["PermissionService Resolution Core"],"duration":2,"failureDetails":[],"failureMessages":[],"fullName":"PermissionService Resolution Core Case 3: Single group allows reading without row filters equates to full row access","invocations":1,"location":null,"numPassingAsserts":2,"retryReasons":[],"status":"passed","title":"Case 3: Single group allows reading without row filters equates to full row access"},{"ancestorTitles":["PermissionService Resolution Core"],"duration":1,"failureDetails":[],"failureMessages":[],"fullName":"PermissionService Resolution Core Case 4: Empty allowedFields inside canRead resolves to implicit allow all columns inside effective fields","invocations":1,"location":null,"numPassingAsserts":2,"retryReasons":[],"status":"passed","title":"Case 4: Empty allowedFields inside canRead resolves to implicit allow all columns inside effective fields"},{"ancestorTitles":["PermissionService Resolution Core"],"duration":1,"failureDetails":[],"failureMessages":[],"fullName":"PermissionService Resolution Core Case 5: Multiple groups unionizing allowed fields comprehensively","invocations":1,"location":null,"numPassingAsserts":2,"retryReasons":[],"status":"passed","title":"Case 5: Multiple groups unionizing allowed fields comprehensively"},{"ancestorTitles":["PermissionService Resolution Core"],"duration":3,"failureDetails":[{"matcherResult":{"expected":1,"message":"\u001b[2mexpect(\u001b[22m\u001b[31mreceived\u001b[39m\u001b[2m).\u001b[22mtoBe\u001b[2m(\u001b[22m\u001b[32mexpected\u001b[39m\u001b[2m) // Object.is equality\u001b[22m\n\nExpected: \u001b[32m1\u001b[39m\nReceived: \u001b[31mundefined\u001b[39m","name":"toBe","pass":false}}],"failureMessages":["Error: \u001b[2mexpect(\u001b[22m\u001b[31mreceived\u001b[39m\u001b[2m).\u001b[22mtoBe\u001b[2m(\u001b[22m\u001b[32mexpected\u001b[39m\u001b[2m) // Object.is equality\u001b[22m\n\nExpected: \u001b[32m1\u001b[39m\nReceived: \u001b[31mundefined\u001b[39m\n    at Object.<anonymous> (C:\\Users\\grees\\OneDrive\\Desktop\\AI-Data-Layer-Darwinbox\\apps\\api\\tests\\permission.service.test.ts:82:32)\n    at processTicksAndRejections (node:internal/process/task_queues:103:5)"],"fullName":"PermissionService Resolution Core Case 6: Group denying field strictly removes it from allowed field whitelist","invocations":1,"location":null,"numPassingAsserts":1,"retryReasons":[],"status":"failed","title":"Case 6: Group denying field strictly removes it from allowed field whitelist"},{"ancestorTitles":["PermissionService Resolution Core"],"duration":1,"failureDetails":[],"failureMessages":[],"fullName":"PermissionService Resolution Core Case 7: OR logic combining disparate row filters gracefully across groups","invocations":1,"location":null,"numPassingAsserts":1,"retryReasons":[],"status":"passed","title":"Case 7: OR logic combining disparate row filters gracefully across groups"},{"ancestorTitles":["PermissionService Resolution Core"],"duration":3,"failureDetails":[],"failureMessages":[],"fullName":"PermissionService Resolution Core Case 8: assertFieldsAccessible throws 403 FIELD_ACCESS_DENIED if metric attempts fetching denied component","invocations":1,"location":null,"numPassingAsserts":1,"retryReasons":[],"status":"passed","title":"Case 8: assertFieldsAccessible throws 403 FIELD_ACCESS_DENIED if metric attempts fetching denied component"},{"ancestorTitles":["PermissionService Resolution Core"],"duration":1,"failureDetails":[],"failureMessages":[],"fullName":"PermissionService Resolution Core Case 9: buildMongoQuery returns {} if ANY overlapping group provides an empty row filter dict","invocations":1,"location":null,"numPassingAsserts":1,"retryReasons":[],"status":"passed","title":"Case 9: buildMongoQuery returns {} if ANY overlapping group provides an empty row filter dict"},{"ancestorTitles":["PermissionService Resolution Core"],"duration":0,"failureDetails":[],"failureMessages":[],"fullName":"PermissionService Resolution Core Case 10: AND operator aggregation natively emitted if a single group possesses multiple internal row filters","invocations":1,"location":null,"numPassingAsserts":1,"retryReasons":[],"status":"passed","title":"Case 10: AND operator aggregation natively emitted if a single group possesses multiple internal row filters"}],"endTime":1774971785828,"message":"\u001b[1m\u001b[31m  \u001b[1m● \u001b[22m\u001b[1mPermissionService Resolution Core › Case 6: Group denying field strictly removes it from allowed field whitelist\u001b[39m\u001b[22m\n\n    \u001b[2mexpect(\u001b[22m\u001b[31mreceived\u001b[39m\u001b[2m).\u001b[22mtoBe\u001b[2m(\u001b[22m\u001b[32mexpected\u001b[39m\u001b[2m) // Object.is equality\u001b[22m\n\n    Expected: \u001b[32m1\u001b[39m\n    Received: \u001b[31mundefined\u001b[39m\n\u001b[2m\u001b[22m\n\u001b[2m    \u001b[0m \u001b[90m 80 |\u001b[39m     \u001b[90m// In blacklist mode (due to allowed fields being empty in group 2), denied fields are explicitly 0\u001b[39m\u001b[22m\n\u001b[2m     \u001b[90m 81 |\u001b[39m     expect(projection[\u001b[32m'salary'\u001b[39m])\u001b[33m.\u001b[39mtoBe(\u001b[35m0\u001b[39m)\u001b[33m;\u001b[39m\u001b[22m\n\u001b[2m    \u001b[31m\u001b[1m>\u001b[22m\u001b[2m\u001b[39m\u001b[90m 82 |\u001b[39m     expect(projection[\u001b[32m'name'\u001b[39m])\u001b[33m.\u001b[39mtoBe(\u001b[35m1\u001b[39m)\u001b[33m;\u001b[39m\u001b[22m\n\u001b[2m     \u001b[90m    |\u001b[39m                                \u001b[31m\u001b[1m^\u001b[22m\u001b[2m\u001b[39m\u001b[22m\n\u001b[2m     \u001b[90m 83 |\u001b[39m   })\u001b[33m;\u001b[39m\u001b[22m\n\u001b[2m     \u001b[90m 84 |\u001b[39m\u001b[22m\n\u001b[2m     \u001b[90m 85 |\u001b[39m   test(\u001b[32m'Case 7: OR logic combining disparate row filters gracefully across groups'\u001b[39m\u001b[33m,\u001b[39m \u001b[36masync\u001b[39m () \u001b[33m=>\u001b[39m {\u001b[0m\u001b[22m\n\u001b[2m\u001b[22m\n\u001b[2m      \u001b[2mat Object.<anonymous> (\u001b[22m\u001b[2m\u001b[0m\u001b[36mtests/permission.service.test.ts\u001b[39m\u001b[0m\u001b[2m:82:32)\u001b[22m\u001b[2m\u001b[22m\n","name":"C:\\Users\\grees\\OneDrive\\Desktop\\AI-Data-Layer-Darwinbox\\apps\\api\\tests\\permission.service.test.ts","startTime":1774971782287,"status":"failed","summary":""},{"assertionResults":[{"ancestorTitles":["RelationshipController Validation"],"duration":257,"failureDetails":[],"failureMessages":[],"fullName":"RelationshipController Validation createRelationship should throw if source collection not found","invocations":1,"location":null,"numPassingAsserts":2,"retryReasons":[],"status":"passed","title":"createRelationship should throw if source collection not found"},{"ancestorTitles":["RelationshipController Validation"],"duration":3,"failureDetails":[],"failureMessages":[],"fullName":"RelationshipController Validation createRelationship should call SyncService validations","invocations":1,"location":null,"numPassingAsserts":3,"retryReasons":[],"status":"passed","title":"createRelationship should call SyncService validations"}],"endTime":1774971786220,"message":"","name":"C:\\Users\\grees\\OneDrive\\Desktop\\AI-Data-Layer-Darwinbox\\apps\\api\\tests\\relationship.controller.test.ts","startTime":1774971782302,"status":"passed","summary":""}],"wasInterrupted":false}
