{"numFailedTestSuites":2,"numFailedTests":1,"numPassedTestSuites":1,"numPassedTests":7,"numPendingTestSuites":0,"numPendingTests":0,"numRuntimeErrorTestSuites":1,"numTodoTests":0,"numTotalTestSuites":3,"numTotalTests":8,"openHandles":[],"snapshot":{"added":0,"didUpdate":false,"failure":false,"filesAdded":0,"filesRemoved":0,"filesRemovedList":[],"filesUnmatched":0,"filesUpdated":0,"matched":0,"total":0,"unchecked":0,"uncheckedKeysByFile":[],"unmatched":0,"updated":0},"startTime":1775337926304,"success":false,"testResults":[{"assertionResults":[{"ancestorTitles":["SyncService Validation","validatePrimaryKeyData"],"duration":30,"failureDetails":[],"failureMessages":[],"fullName":"SyncService Validation validatePrimaryKeyData should throw 400 if duplicate values exist","invocations":1,"location":null,"numPassingAsserts":1,"retryReasons":[],"status":"passed","title":"should throw 400 if duplicate values exist"},{"ancestorTitles":["SyncService Validation","validatePrimaryKeyData"],"duration":1,"failureDetails":[],"failureMessages":[],"fullName":"SyncService Validation validatePrimaryKeyData should pass if no duplicates exist","invocations":1,"location":null,"numPassingAsserts":1,"retryReasons":[],"status":"passed","title":"should pass if no duplicates exist"},{"ancestorTitles":["SyncService Validation","validateForeignKeyTarget"],"duration":1,"failureDetails":[],"failureMessages":[],"fullName":"SyncService Validation validateForeignKeyTarget should throw if target field is not a PK","invocations":1,"location":null,"numPassingAsserts":1,"retryReasons":[],"status":"passed","title":"should throw if target field is not a PK"},{"ancestorTitles":["SyncService Validation","validateForeignKeyTarget"],"duration":1,"failureDetails":[],"failureMessages":[],"fullName":"SyncService Validation validateForeignKeyTarget should pass if target field is a PK","invocations":1,"location":null,"numPassingAsserts":1,"retryReasons":[],"status":"passed","title":"should pass if target field is a PK"},{"ancestorTitles":["SyncService Validation","validateForeignKeyIntegrity"],"duration":2,"failureDetails":[{"message":"\u001b[2mexpect(\u001b[22m\u001b[31mreceived\u001b[39m\u001b[2m).\u001b[22mrejects\u001b[2m.\u001b[22mtoThrow\u001b[2m()\u001b[22m\n\nReceived promise resolved instead of rejected\nResolved to value: \u001b[31mundefined\u001b[39m"}],"failureMessages":["Error: \u001b[2mexpect(\u001b[22m\u001b[31mreceived\u001b[39m\u001b[2m).\u001b[22mrejects\u001b[2m.\u001b[22mtoThrow\u001b[2m()\u001b[22m\n\nReceived promise resolved instead of rejected\nResolved to value: \u001b[31mundefined\u001b[39m\n    at expect (C:\\Users\\grees\\OneDrive\\Desktop\\AI-Data-Layer-Darwinbox\\node_modules\\expect\\build\\index.js:113:15)\n    at Object.<anonymous> (C:\\Users\\grees\\OneDrive\\Desktop\\AI-Data-Layer-Darwinbox\\apps\\api\\tests\\sync.service.validation.test.ts:97:19)\n    at Promise.then.completed (C:\\Users\\grees\\OneDrive\\Desktop\\AI-Data-Layer-Darwinbox\\node_modules\\jest-circus\\build\\utils.js:298:28)\n    at new Promise (<anonymous>)\n    at callAsyncCircusFn (C:\\Users\\grees\\OneDrive\\Desktop\\AI-Data-Layer-Darwinbox\\node_modules\\jest-circus\\build\\utils.js:231:10)\n    at _callCircusTest (C:\\Users\\grees\\OneDrive\\Desktop\\AI-Data-Layer-Darwinbox\\node_modules\\jest-circus\\build\\run.js:316:40)\n    at processTicksAndRejections (node:internal/process/task_queues:103:5)\n    at _runTest (C:\\Users\\grees\\OneDrive\\Desktop\\AI-Data-Layer-Darwinbox\\node_modules\\jest-circus\\build\\run.js:252:3)\n    at _runTestsForDescribeBlock (C:\\Users\\grees\\OneDrive\\Desktop\\AI-Data-Layer-Darwinbox\\node_modules\\jest-circus\\build\\run.js:126:9)\n    at _runTestsForDescribeBlock (C:\\Users\\grees\\OneDrive\\Desktop\\AI-Data-Layer-Darwinbox\\node_modules\\jest-circus\\build\\run.js:121:9)\n    at _runTestsForDescribeBlock (C:\\Users\\grees\\OneDrive\\Desktop\\AI-Data-Layer-Darwinbox\\node_modules\\jest-circus\\build\\run.js:121:9)\n    at run (C:\\Users\\grees\\OneDrive\\Desktop\\AI-Data-Layer-Darwinbox\\node_modules\\jest-circus\\build\\run.js:71:3)\n    at runAndTransformResultsToJestFormat (C:\\Users\\grees\\OneDrive\\Desktop\\AI-Data-Layer-Darwinbox\\node_modules\\jest-circus\\build\\legacy-code-todo-rewrite\\jestAdapterInit.js:122:21)\n    at jestAdapter (C:\\Users\\grees\\OneDrive\\Desktop\\AI-Data-Layer-Darwinbox\\node_modules\\jest-circus\\build\\legacy-code-todo-rewrite\\jestAdapter.js:79:19)\n    at runTestInternal (C:\\Users\\grees\\OneDrive\\Desktop\\AI-Data-Layer-Darwinbox\\node_modules\\jest-runner\\build\\runTest.js:367:16)\n    at runTest (C:\\Users\\grees\\OneDrive\\Desktop\\AI-Data-Layer-Darwinbox\\node_modules\\jest-runner\\build\\runTest.js:444:34)\n    at Object.worker (C:\\Users\\grees\\OneDrive\\Desktop\\AI-Data-Layer-Darwinbox\\node_modules\\jest-runner\\build\\testWorker.js:106:12)"],"fullName":"SyncService Validation validateForeignKeyIntegrity should throw if orphaned values exist","invocations":1,"location":null,"numPassingAsserts":0,"retryReasons":[],"status":"failed","title":"should throw if orphaned values exist"},{"ancestorTitles":["SyncService Validation","validateForeignKeyIntegrity"],"duration":1,"failureDetails":[],"failureMessages":[],"fullName":"SyncService Validation validateForeignKeyIntegrity should pass if all values exist in target","invocations":1,"location":null,"numPassingAsserts":1,"retryReasons":[],"status":"passed","title":"should pass if all values exist in target"}],"endTime":1775337931018,"message":"\u001b[1m\u001b[31m  \u001b[1m● \u001b[22m\u001b[1mSyncService Validation › validateForeignKeyIntegrity › should throw if orphaned values exist\u001b[39m\u001b[22m\n\n    \u001b[2mexpect(\u001b[22m\u001b[31mreceived\u001b[39m\u001b[2m).\u001b[22mrejects\u001b[2m.\u001b[22mtoThrow\u001b[2m()\u001b[22m\n\n    Received promise resolved instead of rejected\n    Resolved to value: \u001b[31mundefined\u001b[39m\n\u001b[2m\u001b[22m\n\u001b[2m    \u001b[0m \u001b[90m  95 |\u001b[39m             (\u001b[33mFieldMetadata\u001b[39m \u001b[36mas\u001b[39m any)\u001b[33m.\u001b[39mdb \u001b[33m=\u001b[39m { db\u001b[33m:\u001b[39m mockDb }\u001b[33m;\u001b[39m\u001b[22m\n\u001b[2m     \u001b[90m  96 |\u001b[39m\u001b[22m\n\u001b[2m    \u001b[31m\u001b[1m>\u001b[22m\u001b[2m\u001b[39m\u001b[90m  97 |\u001b[39m             \u001b[36mawait\u001b[39m expect(\u001b[33mSyncService\u001b[39m\u001b[33m.\u001b[39mvalidateForeignKeyIntegrity(\u001b[32m'c1'\u001b[39m\u001b[33m,\u001b[39m \u001b[32m'dept_id'\u001b[39m\u001b[33m,\u001b[39m \u001b[32m'c2'\u001b[39m\u001b[33m,\u001b[39m \u001b[32m'id'\u001b[39m))\u001b[22m\n\u001b[2m     \u001b[90m     |\u001b[39m                   \u001b[31m\u001b[1m^\u001b[22m\u001b[2m\u001b[39m\u001b[22m\n\u001b[2m     \u001b[90m  98 |\u001b[39m                 \u001b[33m.\u001b[39mrejects\u001b[33m.\u001b[39mtoThrow(\u001b[35m/do not exist in 'departments.id'/\u001b[39m)\u001b[33m;\u001b[39m\u001b[22m\n\u001b[2m     \u001b[90m  99 |\u001b[39m         })\u001b[33m;\u001b[39m\u001b[22m\n\u001b[2m     \u001b[90m 100 |\u001b[39m\u001b[0m\u001b[22m\n\u001b[2m\u001b[22m\n\u001b[2m      \u001b[2mat expect (\u001b[22m\u001b[2m../../node_modules/expect/build/index.js\u001b[2m:113:15)\u001b[22m\u001b[2m\u001b[22m\n\u001b[2m      \u001b[2mat Object.<anonymous> (\u001b[22m\u001b[2m\u001b[0m\u001b[36mtests/sync.service.validation.test.ts\u001b[39m\u001b[0m\u001b[2m:97:19)\u001b[22m\u001b[2m\u001b[22m\n","name":"C:\\Users\\grees\\OneDrive\\Desktop\\AI-Data-Layer-Darwinbox\\apps\\api\\tests\\sync.service.validation.test.ts","startTime":1775337927284,"status":"failed","summary":""},{"assertionResults":[{"ancestorTitles":["RelationshipController Validation"],"duration":254,"failureDetails":[],"failureMessages":[],"fullName":"RelationshipController Validation createRelationship should throw if source collection not found","invocations":1,"location":null,"numPassingAsserts":2,"retryReasons":[],"status":"passed","title":"createRelationship should throw if source collection not found"},{"ancestorTitles":["RelationshipController Validation"],"duration":2,"failureDetails":[],"failureMessages":[],"fullName":"RelationshipController Validation createRelationship should call SyncService validations","invocations":1,"location":null,"numPassingAsserts":3,"retryReasons":[],"status":"passed","title":"createRelationship should call SyncService validations"}],"endTime":1775337931427,"message":"","name":"C:\\Users\\grees\\OneDrive\\Desktop\\AI-Data-Layer-Darwinbox\\apps\\api\\tests\\relationship.controller.test.ts","startTime":1775337927290,"status":"passed","summary":""},{"assertionResults":[],"coverage":{},"endTime":1775337932332,"message":"  \u001b[1m● \u001b[22mTest suite failed to run\n\n    \u001b[96mtests/permission.service.test.ts\u001b[0m:\u001b[93m3\u001b[0m:\u001b[93m23\u001b[0m - \u001b[91merror\u001b[0m\u001b[90m TS2307: \u001b[0mCannot find module '../src/models/group.model' or its corresponding type declarations.\n\n    \u001b[7m3\u001b[0m import { Group } from '../src/models/group.model';\n    \u001b[7m \u001b[0m \u001b[91m                      ~~~~~~~~~~~~~~~~~~~~~~~~~~~\u001b[0m\n","name":"C:\\Users\\grees\\OneDrive\\Desktop\\AI-Data-Layer-Darwinbox\\apps\\api\\tests\\permission.service.test.ts","startTime":1775337932332,"status":"failed","summary":""}],"wasInterrupted":false}
